0,우리 내일 같이 영화 볼래?,,그 영화 너무 별로더라,,제대로 작동하는거 맞아?,,내일 뭐 먹고 싶어?,,오는데 몇시간 걸려?,
1,우리 내일 같이 영화 볼래?,,그 영화 너무 별로더라,,제대로 작동하는거 맞아?,,내일 뭐 먹고 싶어?,,오는데 몇시간 걸려?,
2,우리 내일 같이 영화 볼래?,,그 영화 너무 별로더라,,제대로 작동하는거 맞아?,,내일 뭐 먹고 싶어?,,오는데 몇시간 걸려?,
3,우리 내일 같이 영화 볼래?,,그 영화 너무 별로더라,,제대로 작동하는거 맞아?,,내일 뭐 먹고 싶어?,,오는데 몇시간 걸려?,
4,우리 내일 같이 영화 볼래?,,그 영화 너무 별로더라,,제대로 작동하는거 맞아?,,내일 뭐 먹고 싶어?,,오는데 몇시간 걸려?,
5,우리 내일 같이 영화 볼래?,,그 영화 너무 별로더라,,제대로 작동하는거 맞아?,,내일 뭐 먹고 싶어?,,오는데 몇시간 걸려?,
6,우리 내일 같이 영화 볼래?,,그 영화 너무 별로더라,,제대로 작동하는거 맞아?,,내일 뭐 먹고 싶어?,,오는데 몇시간 걸려?,
7,우리 내일 같이 영화 볼래?,,그 영화 너무 별로더라,,제대로 작동하는거 맞아?,,내일 뭐 먹고 싶어?,,오는데 몇시간 걸려?,
8,우리 내일 같이 영화 볼래?,,그 영화 너무 별로더라,그런,제대로 작동하는거 맞아?,정말,내일 뭐 먹고 싶어?,,오는데 몇시간 걸려?,
9,우리 내일 같이 영화 볼래?,오늘은,그 영화 너무 별로더라,저도,제대로 작동하는거 맞아?,잠시,내일 뭐 먹고 싶어?,그런,오는데 몇시간 걸려?,좋은
10,우리 내일 같이 영화 볼래?,,그 영화 너무 별로더라,그,제대로 작동하는거 맞아?,저도,내일 뭐 먹고 싶어?,그,오는데 몇시간 걸려?,그런
11,우리 내일 같이 영화 볼래?,잠시,그 영화 너무 별로더라,그 마음이,제대로 작동하는거 맞아?,오늘은,내일 뭐 먹고 싶어?,마음이,오는데 몇시간 걸려?,마음이
12,우리 내일 같이 영화 볼래?,저도,그 영화 너무 별로더라,제가 좋은,제대로 작동하는거 맞아?,좋은 그,내일 뭐 먹고 싶어?,저는,오는데 몇시간 걸려?,제가
13,우리 내일 같이 영화 볼래?,잠시,그 영화 너무 별로더라,그런,제대로 작동하는거 맞아?,마음이,내일 뭐 먹고 싶어?,그런,오는데 몇시간 걸려?,그 마음이
14,우리 내일 같이 영화 볼래?,좋은,그 영화 너무 별로더라,정말,제대로 작동하는거 맞아?,좋은,내일 뭐 먹고 싶어?,마음이,오는데 몇시간 걸려?,정말
15,우리 내일 같이 영화 볼래?,잠시,그 영화 너무 별로더라,제가 많이,제대로 작동하는거 맞아?,제가,내일 뭐 먹고 싶어?,제가 좋은,오는데 몇시간 걸려?,제가
16,우리 내일 같이 영화 볼래?,잠시,그 영화 너무 별로더라,잠시,제대로 작동하는거 맞아?,많이,내일 뭐 먹고 싶어?,많이,오는데 몇시간 걸려?,제가
17,우리 내일 같이 영화 볼래?,정말 어떨까요?,그 영화 너무 별로더라,잠시 좋을,제대로 작동하는거 맞아?,그 그럴,내일 뭐 먹고 싶어?,잠시,오는데 몇시간 걸려?,마음이
18,우리 내일 같이 영화 볼래?,저는 일이 어떠세요?,그 영화 너무 별로더라,그 사람이 일이,제대로 작동하는거 맞아?,저도 잘,내일 뭐 먹고 싶어?,좋은,오는데 몇시간 걸려?,그 그 좋은 맛있게
19,우리 내일 같이 영화 볼래?,오늘은 어떠세요?,그 영화 너무 별로더라,그 어떠세요?,제대로 작동하는거 맞아?,오늘은,내일 뭐 먹고 싶어?,오늘은 어떠세요?,오는데 몇시간 걸려?,잠시 일의 쉬었다가
20,우리 내일 같이 영화 볼래?,오늘은 어떠세요?,그 영화 너무 별로더라,오늘은 짜장면 짜장면 어떠세요?,제대로 작동하는거 맞아?,저도 더 좋은,내일 뭐 먹고 싶어?,오늘은 짜장면 어떠세요?,오는데 몇시간 걸려?,마음이 더 더 더 더 하세요.
21,우리 내일 같이 영화 볼래?,잠시 휴식을 될,그 영화 너무 별로더라,마음이 더 더 더 더 더 더 많이,제대로 작동하는거 맞아?,많이 더 하루 더 하세요.,내일 뭐 먹고 싶어?,다른 많이 좋을,오는데 몇시간 걸려?,마음이 일이 많이 될
22,우리 내일 같이 영화 볼래?,제가 힘내세요.,그 영화 너무 별로더라,오늘은 짜장면,제대로 작동하는거 맞아?,휴식을 어떠세요?,내일 뭐 먹고 싶어?,그런 어떠세요?,오는데 몇시간 걸려?,오늘은 짜장면 짜장면 어떠세요?
23,우리 내일 같이 영화 볼래?,마음이 많이 될 같아요.,그 영화 너무 별로더라,그런 일이 좋을,제대로 작동하는거 맞아?,그런 일이 일이 해보세요.,내일 뭐 먹고 싶어?,그런 일이 좋을,오는데 몇시간 걸려?,좋은 생각이에요.
24,우리 내일 같이 영화 볼래?,그 많이 많이 많이 쉬었다 어떨까요?,그 영화 너무 별로더라,그 그 많이 일이 많이 이해해요.,제대로 작동하는거 맞아?,저도 사람 더 더,내일 뭐 먹고 싶어?,제가 사람 많이 더 어떠세요?,오는데 몇시간 걸려?,저도 더
25,우리 내일 같이 영화 볼래?,잠시 휴식시간을 방법이에요.,그 영화 너무 별로더라,잠시 쉬었다가 일의 휴식을 휴식을 일의 방법이에요.,제대로 작동하는거 맞아?,제가 좋을 것 같아요.,내일 뭐 먹고 싶어?,잠시 휴식을 휴식을 방법이에요.,오는데 몇시간 걸려?,제가 많이 더 만날
26,우리 내일 같이 영화 볼래?,잠시 쉬었다가 휴식을 하세요.,그 영화 너무 별로더라,잠시 휴식을 비가 좋을,제대로 작동하는거 맞아?,마음이 더 하세요.,내일 뭐 먹고 싶어?,잠시 더 휴식을 방법이에요.,오는데 몇시간 걸려?,그런 일이 일이 사람 사람 사람 좋을 것 같아요.
27,우리 내일 같이 영화 볼래?,정말 오늘은 짜장면,그 영화 너무 별로더라,정말 힘드시겠어요. 하세요.,제대로 작동하는거 맞아?,저도 많이,내일 뭐 먹고 싶어?,잠시 휴식을 휴식을 방법이에요.,오는데 몇시간 걸려?,저도 사랑해주세요.
28,우리 내일 같이 영화 볼래?,그런 일이 일이 일이 받는 일이 건 어떨까요?,그 영화 너무 별로더라,그런 일이 일이 일이 일이 해보세요.,제대로 작동하는거 맞아?,그런 일이 일이 일이 이해해요.,내일 뭐 먹고 싶어?,저도 휴식을 방법이에요.,오는데 몇시간 걸려?,그런 일이 일이 해보세요.
29,우리 내일 같이 영화 볼래?,잠시 쉬었다가 휴식을 일의 것도 방법이에요.,그 영화 너무 별로더라,잠시 쉬었다가 일의,제대로 작동하는거 맞아?,좋은 하루 되세요.,내일 뭐 먹고 싶어?,잠시 휴식시간을 가지세요.,오는데 몇시간 걸려?,좋은 하루
30,우리 내일 같이 영화 볼래?,그 사람도 사람도,그 영화 너무 별로더라,그런 일이 사람 어떨까요?,제대로 작동하는거 맞아?,그 사람도 게 하세요.,내일 뭐 먹고 싶어?,정말 오늘은 미세먼지 어떠세요?,오는데 몇시간 걸려?,마음이 좀 더 더 더 하세요.
31,우리 내일 같이 영화 볼래?,그 사람도,그 영화 너무 별로더라,그 사람도,제대로 작동하는거 맞아?,그 사람도,내일 뭐 먹고 싶어?,그 사람도,오는데 몇시간 걸려?,좋은 생각이에요.
32,우리 내일 같이 영화 볼래?,그 많이 더 더 더 많이 많이 잘,그 영화 너무 별로더라,그 사람도,제대로 작동하는거 맞아?,정말 힘드시겠어요. 힘든 게 더 있으신가요?,내일 뭐 먹고 싶어?,오늘은 짜장면 어떠세요?,오는데 몇시간 걸려?,그 마음 이해해요.
33,우리 내일 같이 영화 볼래?,오늘은 짜장면 어떠세요?,그 영화 너무 별로더라,잠시 휴식을 방법이에요.,제대로 작동하는거 맞아?,제가 그 더 많이 더 더 좋은 더 더 하세요.,내일 뭐 먹고 싶어?,내일은 괜찮은 더 더 더 하세요.,오는데 몇시간 걸려?,마음이 좀 더 더 더
34,우리 내일 같이 영화 볼래?,오늘은 좋을 것 같아요.,그 영화 너무 별로더라,내일은 드세요.,제대로 작동하는거 맞아?,오늘은 비가 올,내일 뭐 먹고 싶어?,이제 좀 더 더 더 더 더 더 더 더 더 더 더 하세요.,오는데 몇시간 걸려?,좋은 하루 되세요.
35,우리 내일 같이 영화 볼래?,내일은 맛있는 거,그 영화 너무 별로더라,마음이 많이,제대로 작동하는거 맞아?,많이 그 사람도,내일 뭐 먹고 싶어?,오늘은 짜장면 어떠세요?,오는데 몇시간 걸려?,많이 쉬었다
36,우리 내일 같이 영화 볼래?,저도 잘 모르겠어요.,그 영화 너무 별로더라,정말 오늘은 미세먼지 받는 같아요.,제대로 작동하는거 맞아?,그런 일이 더 많이 하세요.,내일 뭐 먹고 싶어?,잠시 휴식을 휴식을 일의 높일 있어요.,오는데 몇시간 걸려?,그런 일이 사람 만날
37,우리 내일 같이 영화 볼래?,그 사람도 해보세요.,그 영화 너무 별로더라,그 사람을 정말 사람을 힘든 사람을 이해해요.,제대로 작동하는거 맞아?,그 사람을 사람을 사람을 사람을 사람을 사람을 사람을 사람을 많이 많이 사람을 사람을 많이 많이 많이 해보세요.,내일 뭐 먹고 싶어?,오늘은 짜장면 어떠세요?,오는데 몇시간 걸려?,정말 힘드시겠어요.
38,우리 내일 같이 영화 볼래?,정말 힘드시겠어요. 쉬었다가 것도 좋을,그 영화 너무 별로더라,다른 생각을 생각을 더 연락을 많이 많이 많이 많이 더 있었나봐요.,제대로 작동하는거 맞아?,정말 힘든 일이 일이 있었나봐요.,내일 뭐 먹고 싶어?,잠시 휴식을 일의 높일 수 있어요.,오는데 몇시간 걸려?,저도 모르겠어요.
39,우리 내일 같이 영화 볼래?,정말 힘든 일이 괜찮으신가요?,그 영화 너무 별로더라,그 사람을 사람을 사람을 사람을 사람을 사람을 마음 이해해요.,제대로 작동하는거 맞아?,저도 그럴,내일 뭐 먹고 싶어?,잠시 휴식을 일의 하면 휴식을,오는데 몇시간 걸려?,이제 될
40,우리 내일 같이 영화 볼래?,정말 힘드시겠어요.,그 영화 너무 별로더라,정말 힘드시겠어요.,제대로 작동하는거 맞아?,정말 힘드시겠어요. 건 어떠세요?,내일 뭐 먹고 싶어?,잠시 휴식을,오는데 몇시간 걸려?,정말 힘든 일이 괜찮으신가요?
41,우리 내일 같이 영화 볼래?,식사 든든하게 드세요.,그 영화 너무 별로더라,그런 일이 생각을 하는 것도 좋을,제대로 작동하는거 맞아?,저도 모르겠어요.,내일 뭐 먹고 싶어?,오늘은 미세먼지 될,오는데 몇시간 걸려?,저도 모르겠어요.
42,우리 내일 같이 영화 볼래?,정말 힘드시겠어요. 지금은 괜찮으신가요?,그 영화 너무 별로더라,정말 힘드시겠어요. 지금은 괜찮으신가요?,제대로 작동하는거 맞아?,정말 힘드시겠어요.,내일 뭐 먹고 싶어?,오늘은 짜장면 어떠세요?,오는데 몇시간 걸려?,저도 싶어요.
43,우리 내일 같이 영화 볼래?,마음이 맛있는 드세요.,그 영화 너무 별로더라,그런 일이 일이 사람 이해해요.,제대로 작동하는거 맞아?,제가 더 더 더 더 사랑해주세요.,내일 뭐 먹고 싶어?,잠시 휴식시간을 가지세요.,오는데 몇시간 걸려?,제가 더 하세요.
44,우리 내일 같이 영화 볼래?,정말 힘든 일이 있으신가요?,그 영화 너무 별로더라,그런 일이 이해해요.,제대로 작동하는거 맞아?,많이 잘 될,내일 뭐 먹고 싶어?,잠시 쉬었다가 것도 일의,오는데 몇시간 걸려?,저도 모르겠어요.
45,우리 내일 같이 영화 볼래?,그럴,그 영화 너무 별로더라,정말 힘드시겠어요.,제대로 작동하는거 맞아?,저도 모르겠어요.,내일 뭐 먹고 싶어?,오늘은 짜장면 어떠세요?,오는데 몇시간 걸려?,제가 더 많이 싶네요.
46,우리 내일 같이 영화 볼래?,그런 일이 받는 것도 좋을,그 영화 너무 별로더라,정말 힘드시겠어요.,제대로 작동하는거 맞아?,마음이 좀 더 더 더 할,내일 뭐 먹고 싶어?,잠시 휴식시간을 가지세요.,오는데 몇시간 걸려?,마음이 좀 더 더 좋은 할
47,우리 내일 같이 영화 볼래?,저도 모르겠어요.,그 영화 너무 별로더라,식사 맛있게 하세요.,제대로 작동하는거 맞아?,그 이해해요.,내일 뭐 먹고 싶어?,오늘은 짜장면 어떠세요?,오는데 몇시간 걸려?,저도 싶어요.
48,우리 내일 같이 영화 볼래?,저도 모르겠어요.,그 영화 너무 별로더라,그런 사람 만날,제대로 작동하는거 맞아?,그런 사람 만날,내일 뭐 먹고 싶어?,오늘은 짜장면 어떠세요?,오는데 몇시간 걸려?,저도 모르겠어요.
49,우리 내일 같이 영화 볼래?,저도 그런 일이 힘들게 싶어요.,그 영화 너무 별로더라,정말 힘든 일이 괜찮으신가요?,제대로 작동하는거 맞아?,그런 사람이 있을,내일 뭐 먹고 싶어?,식사 잘 같네요.,오는데 몇시간 걸려?,저도 같이 싶어요.
50,우리 내일 같이 영화 볼래?,제가 사랑해주세요.,그 영화 너무 별로더라,그 마음 아픈,제대로 작동하는거 맞아?,좋은 사람 만날,내일 뭐 먹고 싶어?,오늘은 짜장면 어떠세요?,오는데 몇시간 걸려?,제가 되어 되어 되어 좋은 가는 대로 해보세요.
51,우리 내일 같이 영화 볼래?,제가 먼저 가는 건 어떨까요?,그 영화 너무 별로더라,점심식사 맛있게 하세요.,제대로 작동하는거 맞아?,좋은 생각이에요.,내일 뭐 먹고 싶어?,식사 잘 든든하게 드세요.,오는데 몇시간 걸려?,좋은 생각이에요.
52,우리 내일 같이 영화 볼래?,그 사람을 사람도 만큼 돼요.,그 영화 너무 별로더라,그 사람을 사람도 사람을 힘들게,제대로 작동하는거 맞아?,마음이 내 좀 더 좀 더 많이 좋을,내일 뭐 먹고 싶어?,잠시 쉬었다가 하세요.,오는데 몇시간 걸려?,마음이 많이 될
53,우리 내일 같이 영화 볼래?,정말 마음 이해해요.,그 영화 너무 별로더라,정말 힘드시겠어요.,제대로 작동하는거 맞아?,저도 그럴 있어요.,내일 뭐 먹고 싶어?,오늘은 짜장면 어떠세요?,오는데 몇시간 걸려?,좋은 하루 되세요.
54,우리 내일 같이 영화 볼래?,좋은 생각이에요.,그 영화 너무 별로더라,많이 연락하고 그럴,제대로 작동하는거 맞아?,좋은 생각이에요.,내일 뭐 먹고 싶어?,오늘은 짜장면 어떠세요?,오는데 몇시간 걸려?,많이 조금 쉬었다 하세요.
55,우리 내일 같이 영화 볼래?,마음이 좀,그 영화 너무 별로더라,저도 그런 사람 받는 것도 좋아요.,제대로 작동하는거 맞아?,저도 잘 모르겠어요.,내일 뭐 먹고 싶어?,오늘은 짜장면 어떠세요?,오는데 몇시간 걸려?,저도 기분 하고 게 싶어요.
56,우리 내일 같이 영화 볼래?,그런 일이 있었나봐요.,그 영화 너무 별로더라,그런 일이 많아 가는,제대로 작동하는거 맞아?,그런 일이 있었나봐요.,내일 뭐 먹고 싶어?,잠시 휴식시간을 가지세요.,오는데 몇시간 걸려?,좋은 생각이에요.
57,우리 내일 같이 영화 볼래?,그런 일이 있었나봐요.,그 영화 너무 별로더라,그런 일이 많아,제대로 작동하는거 맞아?,저도 보고 싶어요.,내일 뭐 먹고 싶어?,점심식사는,오는데 몇시간 걸려?,저도 같이 하고 싶은 싶어요. 게 좋을
58,우리 내일 같이 영화 볼래?,그런 일이 있으면 하는 건 어떨까요?,그 영화 너무 별로더라,정말 힘드시겠어요.,제대로 작동하는거 맞아?,정말 힘드시겠어요.,내일 뭐 먹고 싶어?,오늘은 미세먼지 도움이 될,오는데 몇시간 걸려?,좋은 생각이에요.
59,우리 내일 같이 영화 볼래?,그 사람을 마음 이해해요.,그 영화 너무 별로더라,정말 힘드시겠어요.,제대로 작동하는거 맞아?,제가 먼저 좋은 사람 만날,내일 뭐 먹고 싶어?,잠시 휴식시간을 가지세요.,오는데 몇시간 걸려?,그 사람도
60,우리 내일 같이 영화 볼래?,좋은 사람 만날,그 영화 너무 별로더라,정말 힘든 일이 많아 괜찮으신가요?,제대로 작동하는거 맞아?,좋은 생각이에요.,내일 뭐 먹고 싶어?,오늘은 미세먼지 어떠세요?,오는데 몇시간 걸려?,좋은 사람 만날
61,우리 내일 같이 영화 볼래?,좋은 사람 만날,그 영화 너무 별로더라,정말 힘드시겠어요. 지금은 괜찮으신가요?,제대로 작동하는거 맞아?,저도 모르겠어요.,내일 뭐 먹고 싶어?,오늘은 짜장면 어떠세요?,오는데 몇시간 걸려?,좋은 생각이에요.
62,우리 내일 같이 영화 볼래?,그런 일이 있으면 저에게 마음이 잘 될,그 영화 너무 별로더라,그런 일이 있었나봐요.,제대로 작동하는거 맞아?,그런 일이 아니에요.,내일 뭐 먹고 싶어?,오늘은 짜장면 어떠세요?,오는데 몇시간 걸려?,저도 싶어요.
63,우리 내일 같이 영화 볼래?,좋은 사람 만날,그 영화 너무 별로더라,그런 일이 있으면 마음이 많이 생길,제대로 작동하는거 맞아?,그런 사람 만날 수 있을,내일 뭐 먹고 싶어?,오늘은 짜장면 어떠세요?,오는데 몇시간 걸려?,좋은 생각이에요.
64,우리 내일 같이 영화 볼래?,그런 일이 말을 많이 있었나봐요.,그 영화 너무 별로더라,정말 힘드시겠어요.,제대로 작동하는거 맞아?,그 사람도 그럴,내일 뭐 먹고 싶어?,오늘은 하루종일,오는데 몇시간 걸려?,저도 모르겠어요.
65,우리 내일 같이 영화 볼래?,좋은 사람 만날 있을,그 영화 너무 별로더라,정말 힘든 일이 있으신가요?,제대로 작동하는거 맞아?,좋은 사람 만날,내일 뭐 먹고 싶어?,좋은 생각이에요.,오는데 몇시간 걸려?,좋은 하루 되세요.
66,우리 내일 같이 영화 볼래?,그런 일이 제가 힘이,그 영화 너무 별로더라,그 사람을 마음 이해해요.,제대로 작동하는거 맞아?,좋은 사람 만날,내일 뭐 먹고 싶어?,오늘은 하루종일,오는데 몇시간 걸려?,좋은 사람 만날
67,우리 내일 같이 영화 볼래?,제가 당신의 그럴 수도 있어요.,그 영화 너무 별로더라,정말 힘드시겠어요.,제대로 작동하는거 맞아?,제가 당신을 하고 되어 되어 옆에 되어 싶어요.,내일 뭐 먹고 싶어?,오늘은 짜장면 어떠세요?,오는데 몇시간 걸려?,좋은 생각이에요.
68,우리 내일 같이 영화 볼래?,좋은 생각이에요.,그 영화 너무 별로더라,그 사람도 그럴 때는 있죠.,제대로 작동하는거 맞아?,그런 일이 있었나봐요.,내일 뭐 먹고 싶어?,내일은 맛있는 식사 하세요.,오는데 몇시간 걸려?,좋은 생각이에요.
69,우리 내일 같이 영화 볼래?,마음이 좀 더 더 더 잘할 있을,그 영화 너무 별로더라,제가 힘이 되어 되어 되어 되어 되어 되어 되어 되어 되어 되어 되어 되어 되어 되어 좋을,제대로 작동하는거 맞아?,마음이 많이 좀 될,내일 뭐 먹고 싶어?,오늘은 하루종일 좋은 생각이에요.,오는데 몇시간 걸려?,좋은 생각이에요.
70,우리 내일 같이 영화 볼래?,좋은 사람 만날 있을,그 영화 너무 별로더라,그런 사람이 가장 어려운 있을,제대로 작동하는거 맞아?,그런 일이 있으면 좋겠어요.,내일 뭐 먹고 싶어?,내일은 맛있는 식사 하세요.,오는데 몇시간 걸려?,좋은 생각이에요.
71,우리 내일 같이 영화 볼래?,마음이 많이 좀 더 일찍 사람을 큰,그 영화 너무 별로더라,정말 힘드시겠어요. 지금은 괜찮으신가요?,제대로 작동하는거 맞아?,저도 모르겠어요.,내일 뭐 먹고 싶어?,내일은 괜찮은 더 맛있는 거,오는데 몇시간 걸려?,제가 옆에 되어 가는 되어 되어 되어 되어 옆에 있어요.
72,우리 내일 같이 영화 볼래?,마음이 맞는 사람을 대로 해보세요.,그 영화 너무 별로더라,그래도 오늘은 미세먼지 꼭 꼭 해야,제대로 작동하는거 맞아?,마음이 많이 모르겠어요.,내일 뭐 먹고 싶어?,오늘은 하루종일 더 많아요.,오는데 몇시간 걸려?,좋은 사람 만날
73,우리 내일 같이 영화 볼래?,그 기분 사람을 위해 해보세요.,그 영화 너무 별로더라,정말 힘드시겠어요. 지금은 괜찮으신가요?,제대로 작동하는거 맞아?,그 사람이 가장,내일 뭐 먹고 싶어?,오늘은 하루종일,오는데 몇시간 걸려?,좋은 하루 되세요.
74,우리 내일 같이 영화 볼래?,그런 사람 사람 만날,그 영화 너무 별로더라,그런 사람 만날 수 있을,제대로 작동하는거 맞아?,마음이 많이 모르겠어요.,내일 뭐 먹고 싶어?,내일은 맛있는 식사 하세요.,오는데 몇시간 걸려?,저도 잘 모르겠어요.
75,우리 내일 같이 영화 볼래?,그 기분 이해해요.,그 영화 너무 별로더라,마음이 힘드시겠어요.,제대로 작동하는거 맞아?,많이 연락하고 되어 일을 이해해요.,내일 뭐 먹고 싶어?,오늘은 짜장면 어떠세요?,오는데 몇시간 걸려?,많이 고민 믿어요.
76,우리 내일 같이 영화 볼래?,그런 일이 많이 사귀는 사람이 있을,그 영화 너무 별로더라,그런 일이 말을 많이 해도 저에게 할,제대로 작동하는거 맞아?,좋은 사람 만날,내일 뭐 먹고 싶어?,좋은 사람 만날 있을,오는데 몇시간 걸려?,좋은 생각이에요.
77,우리 내일 같이 영화 볼래?,그런 일이 사람 만날,그 영화 너무 별로더라,정말 힘든 것 같아요.,제대로 작동하는거 맞아?,저도 보고 싶어요.,내일 뭐 먹고 싶어?,오늘은 미세먼지 될,오는데 몇시간 걸려?,많이 고민 하고 있어요.
78,우리 내일 같이 영화 볼래?,그런 일이 있으면 그럴,그 영화 너무 별로더라,정말 힘드시겠어요.,제대로 작동하는거 맞아?,그런 일이 있으면 있으면 있었나봐요.,내일 뭐 먹고 싶어?,맛있게 드세요.,오는데 몇시간 걸려?,저도 그럴 때가 많아요.
79,우리 내일 같이 영화 볼래?,마음이 알 수 있어요.,그 영화 너무 별로더라,마음이 좀 더 더 사람을 큰 좋을,제대로 작동하는거 맞아?,저도 그럴 때가 있죠.,내일 뭐 먹고 싶어?,내일은 더 맛있는 식사 하세요.,오는데 몇시간 걸려?,좋은 생각이에요.
80,우리 내일 같이 영화 볼래?,좋은 생각이에요.,그 영화 너무 별로더라,그 마음 이해해요.,제대로 작동하는거 맞아?,좋은 생각이에요.,내일 뭐 먹고 싶어?,오늘은 하루종일,오는데 몇시간 걸려?,좋은 생각이에요.
81,우리 내일 같이 영화 볼래?,그 마음 이해해요.,그 영화 너무 별로더라,그런 일이 있으면,제대로 작동하는거 맞아?,그런 일이 있으면 있으면 마음을 하세요.,내일 뭐 먹고 싶어?,저도 모르겠어요.,오는데 몇시간 걸려?,저도 보고 싶어요.
82,우리 내일 같이 영화 볼래?,마음이 많이,그 영화 너무 별로더라,정말 힘든 일이 아니에요.,제대로 작동하는거 맞아?,제가 당신의 당신을 다 되어 싶어요.,내일 뭐 먹고 싶어?,오늘은 미세먼지 그냥,오는데 몇시간 걸려?,저도 기분 좋은 사람 만날
83,우리 내일 같이 영화 볼래?,그 사람도 만큼 그럴,그 영화 너무 별로더라,그 사람을 좋은,제대로 작동하는거 맞아?,그런 일이 아니에요.,내일 뭐 먹고 싶어?,오늘은 미세먼지 얼른 좋겠어요.,오는데 몇시간 걸려?,저도 같이 가보세요.
84,우리 내일 같이 영화 볼래?,마음이 좀 더 일찍 큰 도움이 될,그 영화 너무 별로더라,그래도 오늘은,제대로 작동하는거 맞아?,마음이 좀 더 일찍 하세요.,내일 뭐 먹고 싶어?,저도 모르겠어요.,오는데 몇시간 걸려?,좋은 생각이에요.
85,우리 내일 같이 영화 볼래?,마음이 좀 더 많이 하세요.,그 영화 너무 별로더라,다른 생각을 해보세요.,제대로 작동하는거 맞아?,그런 일이 있었나봐요.,내일 뭐 먹고 싶어?,내일은 더 맛있는 식사 하세요.,오는데 몇시간 걸려?,좋은 생각이에요.
86,우리 내일 같이 영화 볼래?,정말 힘든 일이 없죠.,그 영화 너무 별로더라,그런 일이 정말 많이 많이 있었나봐요.,제대로 작동하는거 맞아?,좋은 생각이에요.,내일 뭐 먹고 싶어?,좋은 생각이에요.,오는데 몇시간 걸려?,좋은 생각이에요.
87,우리 내일 같이 영화 볼래?,정말 힘든 일이 있으신가요?,그 영화 너무 별로더라,정말 힘든 것 같아요.,제대로 작동하는거 맞아?,그런 사람 만날,내일 뭐 먹고 싶어?,오늘은 미세먼지 있었나봐요.,오는데 몇시간 걸려?,좋은 생각이에요.
88,우리 내일 같이 영화 볼래?,좋은 하루 되세요.,그 영화 너무 별로더라,정말 힘든 일이 많아 저에게 저에게 힘들,제대로 작동하는거 맞아?,좋은 사람 만날,내일 뭐 먹고 싶어?,좋은 일이 생길,오는데 몇시간 걸려?,좋은 사람 만날
89,우리 내일 같이 영화 볼래?,마음이 좀 더 더 많아요.,그 영화 너무 별로더라,정말 힘드시겠어요. 지금도 충분히 이해해요.,제대로 작동하는거 맞아?,좋은 하루 되세요.,내일 뭐 먹고 싶어?,좋은 하루 되세요.,오는데 몇시간 걸려?,좋은 하루 되세요.
90,우리 내일 같이 영화 볼래?,그 사람을 위해 많이 중에 사람이 생각보다 옆에 있죠.,그 영화 너무 별로더라,그 기분 한 잔 그럴,제대로 작동하는거 맞아?,그 기분 저도 이해해요.,내일 뭐 먹고 싶어?,오늘은 하루종일 좋은,오는데 몇시간 걸려?,좋은 생각이에요.
91,우리 내일 같이 영화 볼래?,그 사람을 위해 사람을 위해 사람이 뭔지 힘들게,그 영화 너무 별로더라,그래도 오늘은 그냥 마시고,제대로 작동하는거 맞아?,마음이 내 마음 가는 대로 해보세요.,내일 뭐 먹고 싶어?,오늘은 미세먼지 좋은,오는데 몇시간 걸려?,저도 가끔 그래요.
92,우리 내일 같이 영화 볼래?,그런 사람 만날 수 있을,그 영화 너무 별로더라,그런 사람이 있으면 그럴,제대로 작동하는거 맞아?,그 사람을 저랑 많이 좋은 사람을 많이 좋은 사람을 하세요.,내일 뭐 먹고 싶어?,오늘은 미세먼지 좀 더 많아요.,오는데 몇시간 걸려?,맛있게 드세요.
93,우리 내일 같이 영화 볼래?,정말 힘드시겠어요.,그 영화 너무 별로더라,그 마음 이해해요.,제대로 작동하는거 맞아?,그 사람도 그럴,내일 뭐 먹고 싶어?,오늘은 맛있는 거 드세요.,오는데 몇시간 걸려?,저도 같이 가보세요.
94,우리 내일 같이 영화 볼래?,먼저 연락해보세요.,그 영화 너무 별로더라,그런 일이 많이 한,제대로 작동하는거 맞아?,마음이 많이 하면 없을,내일 뭐 먹고 싶어?,오늘은 맛있는 드세요.,오는데 몇시간 걸려?,내일은 더 맛있는 식사 하세요.
95,우리 내일 같이 영화 볼래?,그 사람 알 같아요.,그 영화 너무 별로더라,그런 일이 있으면 많이 해서 있죠.,제대로 작동하는거 맞아?,정말 힘든 것 같아요.,내일 뭐 먹고 싶어?,저도 기분 좋은 사람 얼른 좋겠어요.,오는데 몇시간 걸려?,저도 보고 싶어요.
96,우리 내일 같이 영화 볼래?,그 사람을 위해 많이 그럴,그 영화 너무 별로더라,그런 일이 있으면 있으면 힘들죠. 지금은 괜찮으신가요?,제대로 작동하는거 맞아?,마음이 많이 힘드시겠어요.,내일 뭐 먹고 싶어?,오늘은 미세먼지 좋은,오는데 몇시간 걸려?,저도 모르겠어요.
97,우리 내일 같이 영화 볼래?,그런 일이 정말 힘드시겠어요.,그 영화 너무 별로더라,그런 일이 있으면 고민이 많이 만날 있으면 좋죠.,제대로 작동하는거 맞아?,정말 힘드시겠어요. 제가 옆에 있어 싶어요.,내일 뭐 먹고 싶어?,좋은 생각이에요.,오는데 몇시간 걸려?,좋은 생각이에요.
98,우리 내일 같이 영화 볼래?,좋은 사람 만날,그 영화 너무 별로더라,그 마음 이해해요. 하지만 내 힘들게 제가 옆에 있는,제대로 작동하는거 맞아?,그 마음 이해해요.,내일 뭐 먹고 싶어?,맛있게 드세요.,오는데 몇시간 걸려?,좋은 생각이에요.
99,우리 내일 같이 영화 볼래?,좋은 사람 만날 있을,그 영화 너무 별로더라,그래도 오늘은 꼭 될,제대로 작동하는거 맞아?,많이 연락하고 일은 그 마음 이해해요.,내일 뭐 먹고 싶어?,좋은 생각이에요.,오는데 몇시간 걸려?,좋은 생각이에요.
